<?xml version="1.0" encoding="UTF-8"?>
<testng-results skipped="0" failed="0" ignored="0" total="1" passed="1">
  <reporter-output>
  </reporter-output>
  <suite name="Default suite" duration-ms="35772" started-at="2018-12-31T06:55:27Z" finished-at="2018-12-31T06:56:03Z">
    <groups>
    </groups>
    <test name="Default test" duration-ms="35772" started-at="2018-12-31T06:55:27Z" finished-at="2018-12-31T06:56:03Z">
      <class name="com.wmAutomationArti.testCases.WhitelabelManageRolesTestCases">
        <test-method status="PASS" signature="setup()[pri:0, instance:com.wmAutomationArti.testCases.WhitelabelManageRolesTestCases@50b494a6]" name="setup" is-config="true" duration-ms="32836" started-at="2018-12-31T06:55:27Z" finished-at="2018-12-31T06:56:00Z">
          <reporter-output>
          </reporter-output>
        </test-method> <!-- setup -->
        <test-method status="PASS" signature="ValiddateManageRolesPageUIElements()[pri:0, instance:com.wmAutomationArti.testCases.WhitelabelManageRolesTestCases@50b494a6]" name="ValiddateManageRolesPageUIElements" duration-ms="2884" started-at="2018-12-31T06:56:00Z" finished-at="2018-12-31T06:56:03Z">
          <reporter-output>
          </reporter-output>
        </test-method> <!-- ValiddateManageRolesPageUIElements -->
      </class> <!-- com.wmAutomationArti.testCases.WhitelabelManageRolesTestCases -->
    </test> <!-- Default test -->
  </suite> <!-- Default suite -->
</testng-results>
