<?xml version="1.0" encoding="UTF-8"?>
<!-- Generated by org.testng.reporters.JUnitXMLReporter -->
<testsuite hostname="BGINNB006" ignored="0" name="Default test" tests="2" failures="0" timestamp="02 Jan 2019 04:11:32 GMT" time="66.687" errors="0">
  <testcase name="createRoleAndReset" time="6.104" classname="com.wmAutomationArti.testCases.ManageRolesCreateRoleTestCases"/>
  <testcase name="createRoleAndReset" time="5.668" classname="com.wmAutomationArti.testCases.ManageRolesCreateRoleTestCases"/>
</testsuite> <!-- Default test -->
