<?xml version="1.0" encoding="UTF-8"?>
<!-- Generated by org.testng.reporters.JUnitXMLReporter -->
<testsuite hostname="BGINNB006" ignored="0" name="Default test" tests="2" failures="0" timestamp="19 Dec 2018 13:16:32 GMT" time="68.169" errors="0">
  <testcase name="createRoleAndReset" time="5.546" classname="com.wmAutomationArti.testCases.ManageRolesCreateRoleTestCases"/>
  <testcase name="createRoleAndReset" time="6.903" classname="com.wmAutomationArti.testCases.ManageRolesCreateRoleTestCases"/>
</testsuite> <!-- Default test -->
