<?xml version="1.0" encoding="UTF-8"?>
<!-- Generated by org.testng.reporters.JUnitXMLReporter -->
<testsuite hostname="BGINNB006" ignored="0" name="Test" tests="4" failures="1" timestamp="23 Dec 2018 14:24:22 GMT" time="98.544" errors="0">
  <testcase name="validateMT4UsersTileCountTest" time="28.983" classname="com.wmAutomationArti.testCases.HomeDashboardPageTestCases">
    <failure type="java.lang.AssertionError" message="The following asserts failed:
	MT4UsersCount count not matching expected [46718] but found [46750]">
      <![CDATA[java.lang.AssertionError: The following asserts failed:
MT4UsersCount count not matching expected [46718] but found [46750]
at com.wmAutomationArti.pages.HomeDashboardPage.verifyDashboardTileLabelCountAndValue(HomeDashboardPage.java:401)
at com.wmAutomationArti.testCases.HomeDashboardPageTestCases.validateMT4UsersTileCountTest(HomeDashboardPageTestCases.java:31)
... Removed 26 stack frames]]>
    </failure>
  </testcase> <!-- validateMT4UsersTileCountTest -->
  <testcase name="ValiddateManageRolesPageUIElements" time="2.214" classname="com.wmAutomationArti.testCases.WhitelabelManageRolesTestCases"/>
  <testcase name="launchPageVerifyAllElementsTest" time="3.15" classname="com.wmAutomationArti.testCases.launchLoginPageTestCases"/>
  <testcase name="loginWMTest" time="0.756" classname="com.wmAutomationArti.testCases.launchLoginPageTestCases"/>
</testsuite> <!-- Test -->
