<?xml version="1.0" encoding="UTF-8"?>
<!-- Generated by org.testng.reporters.JUnitXMLReporter -->
<testsuite hostname="BGINNB006" ignored="0" name="Test" tests="6" failures="1" timestamp="02 Jan 2019 04:26:02 GMT" time="179.271" errors="0">
  <testcase name="validateMT4UsersTileCountTest" time="27.984" classname="com.wmAutomationArti.testCases.HomeDashboardPageTestCases">
    <failure type="java.lang.AssertionError" message="The following asserts failed:
	MT4UsersCount count not matching expected [46718] but found [46750]">
      <![CDATA[java.lang.AssertionError: The following asserts failed:
MT4UsersCount count not matching expected [46718] but found [46750]
at com.wmAutomationArti.pages.HomeDashboardPage.verifyDashboardTileLabelCountAndValue(HomeDashboardPage.java:401)
at com.wmAutomationArti.testCases.HomeDashboardPageTestCases.validateMT4UsersTileCountTest(HomeDashboardPageTestCases.java:31)
... Removed 26 stack frames]]>
    </failure>
  </testcase> <!-- validateMT4UsersTileCountTest -->
  <testcase name="ValiddateManageRolesPageUIElements" time="2.301" classname="com.wmAutomationArti.testCases.WhitelabelManageRolesTestCases"/>
  <testcase name="createRoleAndReset" time="6.35" classname="com.wmAutomationArti.testCases.ManageRolesCreateRoleTestCases"/>
  <testcase name="createRoleAndReset" time="6.408" classname="com.wmAutomationArti.testCases.ManageRolesCreateRoleTestCases"/>
  <testcase name="launchPageVerifyAllElementsTest" time="3.016" classname="com.wmAutomationArti.testCases.launchLoginPageTestCases"/>
  <testcase name="loginWMTest" time="1.165" classname="com.wmAutomationArti.testCases.launchLoginPageTestCases"/>
</testsuite> <!-- Test -->
